<?xml version="1.0" encoding="UTF-8"?>
<testsuite xmlns:xsi="http://www.w3.org/2001/XMLSchema-instance" xsi:schemaLocation="https://maven.apache.org/surefire/maven-surefire-plugin/xsd/surefire-test-report.xsd" name="TestSuite" time="0.992" tests="10" errors="0" skipped="0" failures="1">
  <properties>
[...]
</properties>
  <testcase name="f" classname="testing.Testing1" time="0.001"/>
  <testcase name="f" classname="testing.Testing1" time="0"/>
  <testcase name="test1" classname="testing.Testing1" time="0"/>
  <testcase name="test2" classname="testing.Testing1" time="0.001"/>
  <testcase name="test3" classname="testing.Testing1" time="0"/>
  <testcase name="test4" classname="testing.Testing2" time="0"/>
  <testcase name="test5" classname="testing.Testing2" time="0"/>
  <testcase name="createUser" classname="testing.Testing3" time="0.001"/>
  <testcase name="editUser" classname="testing.Testing3" time="0.001"/>
  <testcase name="deleteUser" classname="testing.Testing3" time="0.008">
    <failure message="The following asserts failed:&#10;	Verifying Element expected [true] but found [false]" type="java.lang.AssertionError">java.lang.AssertionError: 
The following asserts failed:
	Verifying Element expected [true] but found [false]
	at testing.Testing3.deleteUser(Testing3.java:34)
</failure>
    <system-out><![CDATA[I am in end Test
Before assertion
After assertion
After second assertion
]]></system-out>
  </testcase>
</testsuite>